<?xml version="1.0" encoding="UTF-8"?>
<testng-results ignored="0" total="1" passed="0" failed="1" skipped="0">
  <reporter-output>
  </reporter-output>
  <suite started-at="2023-01-08T15:38:11 IST" name="Default suite" finished-at="2023-01-08T15:38:15 IST" duration-ms="3280">
    <groups>
    </groups>
    <test started-at="2023-01-08T15:38:11 IST" name="Default test" finished-at="2023-01-08T15:38:15 IST" duration-ms="3280">
      <class name="com.gsk.TestScripts.OrangeHRMTestScripts">
        <test-method is-config="true" signature="setUpSuiteDetails(org.testng.ITestContext)[pri:0, instance:com.gsk.TestScripts.OrangeHRMTestScripts@235834f2]" started-at="2023-01-08T15:38:11 IST" name="setUpSuiteDetails" finished-at="2023-01-08T15:38:11 IST" duration-ms="16" status="PASS">
          <params>
            <param index="0">
              <value>
                <![CDATA[org.testng.TestRunner@48075da3]]>
              </value>
            </param>
          </params>
          <reporter-output>
          </reporter-output>
        </test-method> <!-- setUpSuiteDetails -->
        <test-method is-config="true" signature="BeforeClass()[pri:0, instance:com.gsk.TestScripts.OrangeHRMTestScripts@235834f2]" started-at="2023-01-08T15:38:11 IST" name="BeforeClass" finished-at="2023-01-08T15:38:14 IST" duration-ms="3031" status="PASS">
          <reporter-output>
          </reporter-output>
        </test-method> <!-- BeforeClass -->
        <test-method is-config="true" signature="captureDesc(java.lang.reflect.Method)[pri:0, instance:com.gsk.TestScripts.OrangeHRMTestScripts@235834f2]" started-at="2023-01-08T15:38:14 IST" name="captureDesc" finished-at="2023-01-08T15:38:14 IST" duration-ms="0" status="PASS">
          <params>
            <param index="0">
              <value>
                <![CDATA[public void com.gsk.TestScripts.OrangeHRMTestScripts.login() throws java.lang.Exception]]>
              </value>
            </param>
          </params>
          <reporter-output>
          </reporter-output>
        </test-method> <!-- captureDesc -->
        <test-method signature="login()[pri:0, instance:com.gsk.TestScripts.OrangeHRMTestScripts@235834f2]" started-at="2023-01-08T15:38:14 IST" name="login" description="Login The OrangaHRM Application" finished-at="2023-01-08T15:38:15 IST" duration-ms="202" status="FAIL">
          <exception class="org.apache.poi.poifs.filesystem.OfficeXmlFileException">
            <message>
              <![CDATA[The supplied data appears to be in the Office 2007+ XML. You are calling the part of POI that deals with OLE2 Office Documents. You need to call a different part of POI to process this data (eg XSSF instead of HSSF)]]>
            </message>
            <full-stacktrace>
              <![CDATA[org.apache.poi.poifs.filesystem.OfficeXmlFileException: The supplied data appears to be in the Office 2007+ XML. You are calling the part of POI that deals with OLE2 Office Documents. You need to call a different part of POI to process this data (eg XSSF instead of HSSF)
at org.apache.poi.poifs.storage.HeaderBlock.<init>(HeaderBlock.java:128)
at org.apache.poi.poifs.storage.HeaderBlock.<init>(HeaderBlock.java:115)
at org.apache.poi.poifs.filesystem.POIFSFileSystem.<init>(POIFSFileSystem.java:326)
at org.apache.poi.hssf.usermodel.HSSFWorkbook.<init>(HSSFWorkbook.java:431)
at org.apache.poi.hssf.usermodel.HSSFWorkbook.<init>(HSSFWorkbook.java:411)
at com.gsk.utility.ReadData.readTestDataFile(ReadData.java:245)
at com.gsk.TestScripts.OrangeHRMTestScripts.login(OrangeHRMTestScripts.java:14)
at java.base/jdk.internal.reflect.DirectMethodHandleAccessor.invoke(DirectMethodHandleAccessor.java:104)
at java.base/java.lang.reflect.Method.invoke(Method.java:578)
at org.testng.internal.MethodInvocationHelper.invokeMethod(MethodInvocationHelper.java:133)
at org.testng.internal.TestInvoker.invokeMethod(TestInvoker.java:598)
at org.testng.internal.TestInvoker.invokeTestMethod(TestInvoker.java:173)
at org.testng.internal.MethodRunner.runInSequence(MethodRunner.java:46)
at org.testng.internal.TestInvoker$MethodInvocationAgent.invoke(TestInvoker.java:824)
at org.testng.internal.TestInvoker.invokeTestMethods(TestInvoker.java:146)
at org.testng.internal.TestMethodWorker.invokeTestMethods(TestMethodWorker.java:146)
at org.testng.internal.TestMethodWorker.run(TestMethodWorker.java:128)
at java.base/java.util.ArrayList.forEach(ArrayList.java:1511)
at org.testng.TestRunner.privateRun(TestRunner.java:794)
at org.testng.TestRunner.run(TestRunner.java:596)
at org.testng.SuiteRunner.runTest(SuiteRunner.java:377)
at org.testng.SuiteRunner.runSequentially(SuiteRunner.java:371)
at org.testng.SuiteRunner.privateRun(SuiteRunner.java:332)
at org.testng.SuiteRunner.run(SuiteRunner.java:276)
at org.testng.SuiteRunnerWorker.runSuite(SuiteRunnerWorker.java:53)
at org.testng.SuiteRunnerWorker.run(SuiteRunnerWorker.java:96)
at org.testng.TestNG.runSuitesSequentially(TestNG.java:1212)
at org.testng.TestNG.runSuitesLocally(TestNG.java:1134)
at org.testng.TestNG.runSuites(TestNG.java:1063)
at org.testng.TestNG.run(TestNG.java:1031)
at org.testng.remote.AbstractRemoteTestNG.run(AbstractRemoteTestNG.java:115)
at org.testng.remote.RemoteTestNG.initAndRun(RemoteTestNG.java:251)
at org.testng.remote.RemoteTestNG.main(RemoteTestNG.java:77)
]]>
            </full-stacktrace>
          </exception> <!-- org.apache.poi.poifs.filesystem.OfficeXmlFileException -->
          <reporter-output>
          </reporter-output>
        </test-method> <!-- login -->
        <test-method is-config="true" signature="afterClass()[pri:0, instance:com.gsk.TestScripts.OrangeHRMTestScripts@235834f2]" started-at="2023-01-08T15:38:15 IST" name="afterClass" finished-at="2023-01-08T15:38:15 IST" duration-ms="1" status="PASS">
          <reporter-output>
          </reporter-output>
        </test-method> <!-- afterClass -->
        <test-method is-config="true" signature="afterSuite()[pri:0, instance:com.gsk.TestScripts.OrangeHRMTestScripts@235834f2]" started-at="2023-01-08T15:38:15 IST" name="afterSuite" finished-at="2023-01-08T15:38:15 IST" duration-ms="6" status="PASS">
          <reporter-output>
          </reporter-output>
        </test-method> <!-- afterSuite -->
      </class> <!-- com.gsk.TestScripts.OrangeHRMTestScripts -->
    </test> <!-- Default test -->
  </suite> <!-- Default suite -->
</testng-results>
